<?xml version="1.0" encoding="UTF-8"?>
<testsuite name="com.example.LibraryApp.LibraryAppApplicationTests" tests="1" skipped="0" failures="0" errors="0" timestamp="2024-06-17T17:57:21" hostname="DESKTOP-H6N8A2C" time="1.237">
  <properties/>
  <testcase name="contextLoads()" classname="com.example.LibraryApp.LibraryAppApplicationTests" time="1.237"/>
  <system-out><![CDATA[21:57:11.560 [Test worker] INFO org.springframework.test.context.support.AnnotationConfigContextLoaderUtils -- Could not detect default configuration classes for test class [com.example.LibraryApp.LibraryAppApplicationTests]: LibraryAppApplicationTests does not declare any static, non-private, non-final, nested classes annotated with @Configuration.
21:57:11.695 [Test worker] INFO org.springframework.boot.test.context.SpringBootTestContextBootstrapper -- Found @SpringBootConfiguration com.example.LibraryApp.LibraryAppApplication for test class com.example.LibraryApp.LibraryAppApplicationTests
  .   ____          _            __ _ _
 /\\ / ___'_ __ _ _(_)_ __  __ _ \ \ \ \
( ( )\___ | '_ | '_| | '_ \/ _` | \ \ \ \
 \\/  ___)| |_)| | | | | || (_| |  ) ) ) )
  '  |____| .__|_| |_|_| |_\__, | / / / /
 =========|_|==============|___/=/_/_/_/

 :: Spring Boot ::                (v3.3.0)

2024-06-17T21:57:12.451+04:00  INFO 8980 --- [    Test worker] c.e.L.LibraryAppApplicationTests         : Starting LibraryAppApplicationTests using Java 17.0.9 with PID 8980 (started by Amin in C:\Users\Amin\Downloads\LibraryApp)
2024-06-17T21:57:12.451+04:00  INFO 8980 --- [    Test worker] c.e.L.LibraryAppApplicationTests         : The following 2 profiles are active: "db", "common"
2024-06-17T21:57:14.031+04:00  INFO 8980 --- [    Test worker] .s.d.r.c.RepositoryConfigurationDelegate : Multiple Spring Data modules found, entering strict repository configuration mode
2024-06-17T21:57:14.031+04:00  INFO 8980 --- [    Test worker] .s.d.r.c.RepositoryConfigurationDelegate : Bootstrapping Spring Data JPA repositories in DEFAULT mode.
2024-06-17T21:57:14.247+04:00  INFO 8980 --- [    Test worker] .s.d.r.c.RepositoryConfigurationDelegate : Finished Spring Data repository scanning in 204 ms. Found 7 JPA repository interfaces.
2024-06-17T21:57:14.279+04:00  INFO 8980 --- [    Test worker] .s.d.r.c.RepositoryConfigurationDelegate : Multiple Spring Data modules found, entering strict repository configuration mode
2024-06-17T21:57:14.279+04:00  INFO 8980 --- [    Test worker] .s.d.r.c.RepositoryConfigurationDelegate : Bootstrapping Spring Data Redis repositories in DEFAULT mode.
2024-06-17T21:57:14.311+04:00  INFO 8980 --- [    Test worker] .RepositoryConfigurationExtensionSupport : Spring Data Redis - Could not safely identify store assignment for repository candidate interface com.example.LibraryApp.repository.AuthorRepository; If you want this repository to be a Redis repository, consider annotating your entities with one of these annotations: org.springframework.data.redis.core.RedisHash (preferred), or consider extending one of the following types with your repository: org.springframework.data.keyvalue.repository.KeyValueRepository
2024-06-17T21:57:14.311+04:00  INFO 8980 --- [    Test worker] .RepositoryConfigurationExtensionSupport : Spring Data Redis - Could not safely identify store assignment for repository candidate interface com.example.LibraryApp.repository.BookRepository; If you want this repository to be a Redis repository, consider annotating your entities with one of these annotations: org.springframework.data.redis.core.RedisHash (preferred), or consider extending one of the following types with your repository: org.springframework.data.keyvalue.repository.KeyValueRepository
2024-06-17T21:57:14.311+04:00  INFO 8980 --- [    Test worker] .RepositoryConfigurationExtensionSupport : Spring Data Redis - Could not safely identify store assignment for repository candidate interface com.example.LibraryApp.repository.GenreRepository; If you want this repository to be a Redis repository, consider annotating your entities with one of these annotations: org.springframework.data.redis.core.RedisHash (preferred), or consider extending one of the following types with your repository: org.springframework.data.keyvalue.repository.KeyValueRepository
2024-06-17T21:57:14.311+04:00  INFO 8980 --- [    Test worker] .RepositoryConfigurationExtensionSupport : Spring Data Redis - Could not safely identify store assignment for repository candidate interface com.example.LibraryApp.repository.PublishingHouseRepository; If you want this repository to be a Redis repository, consider annotating your entities with one of these annotations: org.springframework.data.redis.core.RedisHash (preferred), or consider extending one of the following types with your repository: org.springframework.data.keyvalue.repository.KeyValueRepository
2024-06-17T21:57:14.311+04:00  INFO 8980 --- [    Test worker] .RepositoryConfigurationExtensionSupport : Spring Data Redis - Could not safely identify store assignment for repository candidate interface com.example.LibraryApp.repository.ReviewRepository; If you want this repository to be a Redis repository, consider annotating your entities with one of these annotations: org.springframework.data.redis.core.RedisHash (preferred), or consider extending one of the following types with your repository: org.springframework.data.keyvalue.repository.KeyValueRepository
2024-06-17T21:57:14.311+04:00  INFO 8980 --- [    Test worker] .RepositoryConfigurationExtensionSupport : Spring Data Redis - Could not safely identify store assignment for repository candidate interface com.example.LibraryApp.repository.RoleRepository; If you want this repository to be a Redis repository, consider annotating your entities with one of these annotations: org.springframework.data.redis.core.RedisHash (preferred), or consider extending one of the following types with your repository: org.springframework.data.keyvalue.repository.KeyValueRepository
2024-06-17T21:57:14.311+04:00  INFO 8980 --- [    Test worker] .RepositoryConfigurationExtensionSupport : Spring Data Redis - Could not safely identify store assignment for repository candidate interface com.example.LibraryApp.repository.UserRepository; If you want this repository to be a Redis repository, consider annotating your entities with one of these annotations: org.springframework.data.redis.core.RedisHash (preferred), or consider extending one of the following types with your repository: org.springframework.data.keyvalue.repository.KeyValueRepository
2024-06-17T21:57:14.311+04:00  INFO 8980 --- [    Test worker] .s.d.r.c.RepositoryConfigurationDelegate : Finished Spring Data repository scanning in 22 ms. Found 0 Redis repository interfaces.
2024-06-17T21:57:15.523+04:00  INFO 8980 --- [    Test worker] com.zaxxer.hikari.HikariDataSource       : HikariPool-1 - Starting...
2024-06-17T21:57:15.771+04:00  INFO 8980 --- [    Test worker] com.zaxxer.hikari.pool.HikariPool        : HikariPool-1 - Added connection org.postgresql.jdbc.PgConnection@58d89c5b
2024-06-17T21:57:15.771+04:00  INFO 8980 --- [    Test worker] com.zaxxer.hikari.HikariDataSource       : HikariPool-1 - Start completed.
2024-06-17T21:57:16.021+04:00  INFO 8980 --- [    Test worker] liquibase.database                       : Set default schema name to public
2024-06-17T21:57:16.414+04:00  INFO 8980 --- [    Test worker] liquibase.changelog                      : Reading resource: db/changelog/v1/2024-06-11-01-create-book-table.yaml
2024-06-17T21:57:16.432+04:00  INFO 8980 --- [    Test worker] liquibase.changelog                      : Reading resource: db/changelog/v1/2024-06-11-02-create-author-table.yaml
2024-06-17T21:57:16.438+04:00  INFO 8980 --- [    Test worker] liquibase.changelog                      : Reading resource: db/changelog/v1/2024-06-11-03-create-book-author-table.yaml
2024-06-17T21:57:16.445+04:00  INFO 8980 --- [    Test worker] liquibase.changelog                      : Reading resource: db/changelog/v1/2024-06-11-04-create-genre-table.yaml
2024-06-17T21:57:16.448+04:00  INFO 8980 --- [    Test worker] liquibase.changelog                      : Reading resource: db/changelog/v1/2024-06-11-05-create-book-genre-table.yaml
2024-06-17T21:57:16.448+04:00  INFO 8980 --- [    Test worker] liquibase.changelog                      : Reading resource: db/changelog/v1/2024-06-11-06-create-publishing-house-table.yaml
2024-06-17T21:57:16.448+04:00  INFO 8980 --- [    Test worker] liquibase.changelog                      : Reading resource: db/changelog/v1/2024-06-11-07-create-review-table.yaml
2024-06-17T21:57:16.464+04:00  INFO 8980 --- [    Test worker] liquibase.changelog                      : Reading resource: db/changelog/v1/2024-06-11-08-create-users-table.yaml
2024-06-17T21:57:16.464+04:00  INFO 8980 --- [    Test worker] liquibase.changelog                      : Reading resource: db/changelog/v1/2024-06-11-09-create-role-table.yaml
2024-06-17T21:57:16.481+04:00  INFO 8980 --- [    Test worker] liquibase.changelog                      : Reading resource: db/changelog/v1/2024-06-11-10-create-user-role-table.yaml
2024-06-17T21:57:16.610+04:00  INFO 8980 --- [    Test worker] liquibase.changelog                      : Reading from public.databasechangelog
2024-06-17T21:57:16.697+04:00  INFO 8980 --- [    Test worker] liquibase.ui                             : Database is up to date, no changesets to execute
2024-06-17T21:57:16.701+04:00  INFO 8980 --- [    Test worker] liquibase.changelog                      : Reading from public.databasechangelog
2024-06-17T21:57:16.716+04:00  INFO 8980 --- [    Test worker] liquibase.util                           : UPDATE SUMMARY
2024-06-17T21:57:16.716+04:00  INFO 8980 --- [    Test worker] liquibase.util                           : Run:                          0
2024-06-17T21:57:16.716+04:00  INFO 8980 --- [    Test worker] liquibase.util                           : Previously run:              10
2024-06-17T21:57:16.716+04:00  INFO 8980 --- [    Test worker] liquibase.util                           : Filtered out:                 0
2024-06-17T21:57:16.716+04:00  INFO 8980 --- [    Test worker] liquibase.util                           : -------------------------------
2024-06-17T21:57:16.716+04:00  INFO 8980 --- [    Test worker] liquibase.util                           : Total change sets:           10
2024-06-17T21:57:16.716+04:00  INFO 8980 --- [    Test worker] liquibase.util                           : Update summary generated
2024-06-17T21:57:16.756+04:00  INFO 8980 --- [    Test worker] liquibase.lockservice                    : Successfully released change log lock
2024-06-17T21:57:16.762+04:00  INFO 8980 --- [    Test worker] liquibase.command                        : Command execution complete
2024-06-17T21:57:16.891+04:00  INFO 8980 --- [    Test worker] o.hibernate.jpa.internal.util.LogHelper  : HHH000204: Processing PersistenceUnitInfo [name: default]
2024-06-17T21:57:16.975+04:00  INFO 8980 --- [    Test worker] org.hibernate.Version                    : HHH000412: Hibernate ORM core version 6.5.2.Final
2024-06-17T21:57:17.053+04:00  INFO 8980 --- [    Test worker] o.h.c.internal.RegionFactoryInitiator    : HHH000026: Second-level cache disabled
2024-06-17T21:57:17.491+04:00  INFO 8980 --- [    Test worker] o.s.o.j.p.SpringPersistenceUnitInfo      : No LoadTimeWeaver setup: ignoring JPA class transformer
2024-06-17T21:57:17.583+04:00  WARN 8980 --- [    Test worker] org.hibernate.orm.deprecation            : HHH90000025: PostgreSQLDialect does not need to be specified explicitly using 'hibernate.dialect' (remove the property setting and it will be selected by default)
2024-06-17T21:57:19.171+04:00  INFO 8980 --- [    Test worker] o.h.e.t.j.p.i.JtaPlatformInitiator       : HHH000489: No JTA platform available (set 'hibernate.transaction.jta.platform' to enable JTA platform integration)
2024-06-17T21:57:19.250+04:00  INFO 8980 --- [    Test worker] j.LocalContainerEntityManagerFactoryBean : Initialized JPA EntityManagerFactory for persistence unit 'default'
2024-06-17T21:57:19.961+04:00  INFO 8980 --- [    Test worker] eAuthenticationProviderManagerConfigurer : Global AuthenticationManager configured with AuthenticationProvider bean with name authenticationProvider
2024-06-17T21:57:19.961+04:00  WARN 8980 --- [    Test worker] r$InitializeUserDetailsManagerConfigurer : Global AuthenticationManager configured with an AuthenticationProvider bean. UserDetailsService beans will not be used for username/password login. Consider removing the AuthenticationProvider bean. Alternatively, consider using the UserDetailsService in a manually instantiated DaoAuthenticationProvider.
2024-06-17T21:57:20.843+04:00  INFO 8980 --- [    Test worker] o.s.s.web.DefaultSecurityFilterChain     : Will secure any request with [org.springframework.security.web.session.DisableEncodeUrlFilter@edf4412a, org.springframework.security.web.context.request.async.WebAsyncManagerIntegrationFilter@89d81bf8, org.springframework.security.web.context.SecurityContextHolderFilter@ce8de393, org.springframework.security.web.header.HeaderWriterFilter@621e3848, org.springframework.web.filter.CorsFilter@89972164, org.springframework.security.web.authentication.logout.LogoutFilter@a4b29a81, com.example.LibraryApp.filter.JwtAuthFilter@8fe29f28, org.springframework.security.web.savedrequest.RequestCacheAwareFilter@96eb9c0e, org.springframework.security.web.servletapi.SecurityContextHolderAwareRequestFilter@6b5f9f76, org.springframework.security.web.authentication.AnonymousAuthenticationFilter@c085e48a, org.springframework.security.web.access.ExceptionTranslationFilter@c4a0eca5, org.springframework.security.web.access.intercept.AuthorizationFilter@d5181cbf]
2024-06-17T21:57:21.660+04:00  INFO 8980 --- [    Test worker] c.e.L.LibraryAppApplicationTests         : Started LibraryAppApplicationTests in 9.758 seconds (process running for 11.52)
]]></system-out>
  <system-err><![CDATA[]]></system-err>
</testsuite>
